<?xml version="1.0" encoding="UTF-8"?>
<testsuite xmlns:xsi="http://www.w3.org/2001/XMLSchema-instance" xsi:noNamespaceSchemaLocation="https://maven.apache.org/surefire/maven-surefire-plugin/xsd/surefire-test-report-3.0.xsd" version="3.0" name="testRunner.TestRunner" time="18.399" tests="2" errors="0" skipped="0" failures="0">
  <properties>
[...]
</properties>
  <testcase name="validate the registation functionality" classname="Registation featue" time="7.882">
    <system-out><![CDATA[
@sanity @regression
Scenario: validate the registation functionality # Features/Registation.feature:3
  Given user launch browser                      # stepDefinition.LoginSteps.user_launch_browser()
  And open url "https://demo.nopcommerce.com/"   # stepDefinition.LoginSteps.open_url(java.lang.String)
  When click on register link                    # stepDefinition.LoginSteps.click_on_register_link()
  And click on toggle gender                     # stepDefinition.LoginSteps.click_on_toggle_gender()
  When enetr the first name and last name        # stepDefinition.LoginSteps.enetr_the_first_name_and_last_name()
  And Select the data of birth                   # stepDefinition.LoginSteps.select_the_data_of_birth()
  When enter the email id                        # stepDefinition.LoginSteps.enter_the_email_id()
  And enter the company name                     # stepDefinition.LoginSteps.enter_the_company_name()
  And enter password and conform password        # stepDefinition.LoginSteps.enter_password_and_conform_password()
  Then click registation button                  # stepDefinition.LoginSteps.click_registation_button()
Scenario status==============>PASSED
]]></system-out>
    <system-err><![CDATA[SLF4J: Failed to load class "org.slf4j.impl.StaticLoggerBinder".
SLF4J: Defaulting to no-operation (NOP) logger implementation
SLF4J: See http://www.slf4j.org/codes.html#StaticLoggerBinder for further details.
Oct 11, 2023 11:27:22 AM org.openqa.selenium.devtools.CdpVersionFinder findNearestMatch
WARNING: Unable to find an exact match for CDP version 117, so returning the closest version found: 116
]]></system-err>
  </testcase>
  <testcase name="successfully login with valid credentials" classname="Login with valid credentials" time="4.843">
    <system-out><![CDATA[
@sanity
Scenario: successfully login with valid credentials                             # Features/login.feature:5
  Given user launch browser                                                     # stepDefinition.LoginSteps.user_launch_browser()
  And open url "https://demo.nopcommerce.com/"                                  # stepDefinition.LoginSteps.open_url(java.lang.String)
  When click to login menu                                                      # stepDefinition.LoginSteps.click_to_login_menu()
  And user enter email as "kameshkam3094@gmail.com" and password as "Kamesh@30" # stepDefinition.LoginSteps.user_enter_email_as_and_password_as(java.lang.String,java.lang.String)
  And click on login button                                                     # stepDefinition.LoginSteps.click_on_login_button()
  Then user navigate to my accout page                                          # stepDefinition.LoginSteps.user_navigate_to_my_accout_page()
Scenario status==============>PASSED
]]></system-out>
    <system-err><![CDATA[Oct 11, 2023 11:27:29 AM org.openqa.selenium.devtools.CdpVersionFinder findNearestMatch
WARNING: Unable to find an exact match for CDP version 117, so returning the closest version found: 116
]]></system-err>
  </testcase>
</testsuite>